<?xml version="1.0" encoding="UTF-8"?>
<testng-results ignored="0" total="1" passed="1" failed="0" skipped="0">
  <reporter-output>
  </reporter-output>
  <suite started-at="2023-11-11T10:10:16 IST" name="Default suite" finished-at="2023-11-11T10:10:49 IST" duration-ms="32741">
    <groups>
    </groups>
    <test started-at="2023-11-11T10:10:16 IST" name="Default test" finished-at="2023-11-11T10:10:49 IST" duration-ms="32741">
      <class name="SeleniumRivision.SeleniumRivision.MavenCommandLineExecutionTest">
        <test-method signature="parameterFromCmd()[pri:0, instance:SeleniumRivision.SeleniumRivision.MavenCommandLineExecutionTest@38d8f54a]" started-at="2023-11-11T10:10:16 IST" name="parameterFromCmd" finished-at="2023-11-11T10:10:48 IST" duration-ms="32522" status="PASS">
          <reporter-output>
          </reporter-output>
        </test-method> <!-- parameterFromCmd -->
      </class> <!-- SeleniumRivision.SeleniumRivision.MavenCommandLineExecutionTest -->
    </test> <!-- Default test -->
  </suite> <!-- Default suite -->
</testng-results>
